{"C:\\Users\\Admin\\React\\src\\ListComponent.tsx": {"path":"C:\\Users\\Admin\\React\\src\\ListComponent.tsx","statementMap":{"0":{"start":{"line":1,"column":0},"end":{"line":1,"column":51}},"1":{"start":{"line":2,"column":0},"end":{"line":2,"column":61}},"2":{"start":{"line":3,"column":0},"end":{"line":3,"column":47}},"3":{"start":{"line":4,"column":0},"end":{"line":4,"column":29}},"4":{"start":{"line":5,"column":0},"end":{"line":5,"column":46}},"5":{"start":{"line":6,"column":0},"end":{"line":6,"column":29}},"6":{"start":{"line":7,"column":0},"end":{"line":7,"column":27}},"7":{"start":{"line":8,"column":0},"end":{"line":8,"column":59}},"8":{"start":{"line":12,"column":25},"end":{"line":17,"column":2}},"9":{"start":{"line":27,"column":40},"end":{"line":32,"column":2}},"10":{"start":{"line":35,"column":32},"end":{"line":412,"column":1}},"11":{"start":{"line":36,"column":30},"end":{"line":36,"column":52}},"12":{"start":{"line":37,"column":46},"end":{"line":37,"column":68}},"13":{"start":{"line":38,"column":24},"end":{"line":38,"column":35}},"14":{"start":{"line":39,"column":36},"end":{"line":39,"column":51}},"15":{"start":{"line":40,"column":36},"end":{"line":40,"column":67}},"16":{"start":{"line":41,"column":36},"end":{"line":41,"column":65}},"17":{"start":{"line":42,"column":40},"end":{"line":42,"column":81}},"18":{"start":{"line":43,"column":40},"end":{"line":43,"column":55}},"19":{"start":{"line":44,"column":48},"end":{"line":44,"column":77}},"20":{"start":{"line":45,"column":28},"end":{"line":45,"column":146}},"21":{"start":{"line":46,"column":40},"end":{"line":46,"column":69}},"22":{"start":{"line":48,"column":17},"end":{"line":48,"column":30}},"23":{"start":{"line":50,"column":20},"end":{"line":53,"column":3}},"24":{"start":{"line":51,"column":4},"end":{"line":51,"column":44}},"25":{"start":{"line":52,"column":4},"end":{"line":52,"column":73}},"26":{"start":{"line":52,"column":21},"end":{"line":52,"column":65}},"27":{"start":{"line":52,"column":39},"end":{"line":52,"column":63}},"28":{"start":{"line":55,"column":22},"end":{"line":65,"column":3}},"29":{"start":{"line":56,"column":4},"end":{"line":64,"column":5}},"30":{"start":{"line":57,"column":23},"end":{"line":57,"column":42}},"31":{"start":{"line":58,"column":6},"end":{"line":58,"column":65}},"32":{"start":{"line":58,"column":24},"end":{"line":58,"column":65}},"33":{"start":{"line":59,"column":19},"end":{"line":59,"column":40}},"34":{"start":{"line":60,"column":25},"end":{"line":60,"column":73}},"35":{"start":{"line":60,"column":61},"end":{"line":60,"column":72}},"36":{"start":{"line":61,"column":6},"end":{"line":61,"column":28}},"37":{"start":{"line":63,"column":6},"end":{"line":63,"column":64}},"38":{"start":{"line":67,"column":2},"end":{"line":69,"column":9}},"39":{"start":{"line":68,"column":4},"end":{"line":68,"column":18}},"40":{"start":{"line":71,"column":23},"end":{"line":76,"column":3}},"41":{"start":{"line":72,"column":4},"end":{"line":72,"column":24}},"42":{"start":{"line":73,"column":4},"end":{"line":73,"column":23}},"43":{"start":{"line":74,"column":4},"end":{"line":74,"column":32}},"44":{"start":{"line":75,"column":4},"end":{"line":75,"column":23}},"45":{"start":{"line":78,"column":24},"end":{"line":88,"column":3}},"46":{"start":{"line":79,"column":4},"end":{"line":79,"column":25}},"47":{"start":{"line":80,"column":4},"end":{"line":80,"column":28}},"48":{"start":{"line":81,"column":4},"end":{"line":86,"column":7}},"49":{"start":{"line":87,"column":4},"end":{"line":87,"column":23}},"50":{"start":{"line":91,"column":32},"end":{"line":97,"column":3}},"51":{"start":{"line":92,"column":21},"end":{"line":92,"column":40}},"52":{"start":{"line":93,"column":4},"end":{"line":96,"column":5}},"53":{"start":{"line":94,"column":18},"end":{"line":94,"column":39}},"54":{"start":{"line":95,"column":6},"end":{"line":95,"column":59}},"55":{"start":{"line":99,"column":21},"end":{"line":103,"column":3}},"56":{"start":{"line":100,"column":4},"end":{"line":100,"column":24}},"57":{"start":{"line":101,"column":4},"end":{"line":101,"column":32}},"58":{"start":{"line":102,"column":4},"end":{"line":102,"column":23}},"59":{"start":{"line":105,"column":21},"end":{"line":156,"column":3}},"60":{"start":{"line":111,"column":4},"end":{"line":155,"column":5}},"61":{"start":{"line":112,"column":21},"end":{"line":112,"column":57}},"62":{"start":{"line":113,"column":18},"end":{"line":113,"column":73}},"63":{"start":{"line":115,"column":23},"end":{"line":119,"column":8}},"64":{"start":{"line":121,"column":6},"end":{"line":125,"column":7}},"65":{"start":{"line":122,"column":26},"end":{"line":122,"column":65}},"66":{"start":{"line":122,"column":60},"end":{"line":122,"column":64}},"67":{"start":{"line":123,"column":24},"end":{"line":123,"column":67}},"68":{"start":{"line":124,"column":8},"end":{"line":124,"column":33}},"69":{"start":{"line":127,"column":28},"end":{"line":127,"column":49}},"70":{"start":{"line":128,"column":27},"end":{"line":128,"column":84}},"71":{"start":{"line":128,"column":72},"end":{"line":128,"column":83}},"72":{"start":{"line":130,"column":6},"end":{"line":139,"column":7}},"73":{"start":{"line":132,"column":26},"end":{"line":132,"column":45}},"74":{"start":{"line":133,"column":27},"end":{"line":133,"column":69}},"75":{"start":{"line":135,"column":8},"end":{"line":138,"column":9}},"76":{"start":{"line":136,"column":10},"end":{"line":136,"column":73}},"77":{"start":{"line":137,"column":10},"end":{"line":137,"column":17}},"78":{"start":{"line":140,"column":6},"end":{"line":140,"column":30}},"79":{"start":{"line":141,"column":6},"end":{"line":141,"column":51}},"80":{"start":{"line":141,"column":21},"end":{"line":141,"column":51}},"81":{"start":{"line":143,"column":6},"end":{"line":150,"column":7}},"82":{"start":{"line":144,"column":28},"end":{"line":144,"column":47}},"83":{"start":{"line":145,"column":8},"end":{"line":145,"column":36}},"84":{"start":{"line":146,"column":8},"end":{"line":146,"column":62}},"85":{"start":{"line":147,"column":8},"end":{"line":147,"column":53}},"86":{"start":{"line":147,"column":25},"end":{"line":147,"column":45}},"87":{"start":{"line":149,"column":8},"end":{"line":149,"column":63}},"88":{"start":{"line":152,"column":6},"end":{"line":152,"column":53}},"89":{"start":{"line":153,"column":23},"end":{"line":153,"column":79}},"90":{"start":{"line":154,"column":6},"end":{"line":154,"column":35}},"91":{"start":{"line":158,"column":28},"end":{"line":161,"column":3}},"92":{"start":{"line":159,"column":4},"end":{"line":159,"column":27}},"93":{"start":{"line":160,"column":4},"end":{"line":160,"column":25}},"94":{"start":{"line":163,"column":23},"end":{"line":166,"column":3}},"95":{"start":{"line":164,"column":4},"end":{"line":164,"column":26}},"96":{"start":{"line":165,"column":4},"end":{"line":165,"column":29}},"97":{"start":{"line":168,"column":24},"end":{"line":185,"column":3}},"98":{"start":{"line":169,"column":4},"end":{"line":171,"column":5}},"99":{"start":{"line":170,"column":6},"end":{"line":170,"column":13}},"100":{"start":{"line":172,"column":4},"end":{"line":184,"column":5}},"101":{"start":{"line":173,"column":23},"end":{"line":175,"column":8}},"102":{"start":{"line":176,"column":6},"end":{"line":176,"column":67}},"103":{"start":{"line":176,"column":24},"end":{"line":176,"column":67}},"104":{"start":{"line":177,"column":28},"end":{"line":177,"column":49}},"105":{"start":{"line":178,"column":27},"end":{"line":178,"column":84}},"106":{"start":{"line":178,"column":72},"end":{"line":178,"column":83}},"107":{"start":{"line":179,"column":6},"end":{"line":179,"column":30}},"108":{"start":{"line":180,"column":6},"end":{"line":180,"column":51}},"109":{"start":{"line":180,"column":21},"end":{"line":180,"column":51}},"110":{"start":{"line":181,"column":6},"end":{"line":181,"column":21}},"111":{"start":{"line":183,"column":6},"end":{"line":183,"column":54}},"112":{"start":{"line":187,"column":28},"end":{"line":191,"column":3}},"113":{"start":{"line":188,"column":4},"end":{"line":188,"column":36}},"114":{"start":{"line":188,"column":29},"end":{"line":188,"column":36}},"115":{"start":{"line":190,"column":4},"end":{"line":190,"column":46}},"116":{"start":{"line":195,"column":28},"end":{"line":232,"column":3}},"117":{"start":{"line":196,"column":17},"end":{"line":196,"column":36}},"118":{"start":{"line":197,"column":4},"end":{"line":197,"column":22}},"119":{"start":{"line":197,"column":15},"end":{"line":197,"column":22}},"120":{"start":{"line":198,"column":19},"end":{"line":198,"column":35}},"121":{"start":{"line":199,"column":4},"end":{"line":230,"column":6}},"122":{"start":{"line":200,"column":19},"end":{"line":200,"column":37}},"123":{"start":{"line":201,"column":6},"end":{"line":201,"column":24}},"124":{"start":{"line":201,"column":17},"end":{"line":201,"column":24}},"125":{"start":{"line":202,"column":23},"end":{"line":202,"column":58}},"126":{"start":{"line":203,"column":24},"end":{"line":203,"column":46}},"127":{"start":{"line":204,"column":20},"end":{"line":204,"column":46}},"128":{"start":{"line":205,"column":41},"end":{"line":205,"column":72}},"129":{"start":{"line":207,"column":23},"end":{"line":211,"column":8}},"130":{"start":{"line":212,"column":6},"end":{"line":229,"column":7}},"131":{"start":{"line":213,"column":24},"end":{"line":213,"column":45}},"132":{"start":{"line":215,"column":26},"end":{"line":215,"column":198}},"133":{"start":{"line":215,"column":38},"end":{"line":215,"column":198}},"134":{"start":{"line":216,"column":23},"end":{"line":216,"column":77}},"135":{"start":{"line":217,"column":30},"end":{"line":217,"column":73}},"136":{"start":{"line":217,"column":47},"end":{"line":217,"column":72}},"137":{"start":{"line":218,"column":8},"end":{"line":218,"column":55}},"138":{"start":{"line":219,"column":8},"end":{"line":219,"column":18}},"139":{"start":{"line":220,"column":8},"end":{"line":226,"column":9}},"140":{"start":{"line":221,"column":10},"end":{"line":221,"column":70}},"141":{"start":{"line":222,"column":15},"end":{"line":226,"column":9}},"142":{"start":{"line":223,"column":10},"end":{"line":223,"column":74}},"143":{"start":{"line":225,"column":10},"end":{"line":225,"column":55}},"144":{"start":{"line":228,"column":8},"end":{"line":228,"column":58}},"145":{"start":{"line":231,"column":4},"end":{"line":231,"column":36}},"146":{"start":{"line":234,"column":2},"end":{"line":411,"column":4}},"147":{"start":{"line":250,"column":48},"end":{"line":250,"column":57}},"148":{"start":{"line":282,"column":18},"end":{"line":282,"column":38}},"149":{"start":{"line":288,"column":81},"end":{"line":288,"column":102}},"150":{"start":{"line":289,"column":83},"end":{"line":289,"column":111}},"151":{"start":{"line":317,"column":18},"end":{"line":317,"column":45}},"152":{"start":{"line":323,"column":81},"end":{"line":323,"column":102}},"153":{"start":{"line":324,"column":83},"end":{"line":324,"column":111}},"154":{"start":{"line":350,"column":12},"end":{"line":350,"column":31}},"155":{"start":{"line":351,"column":12},"end":{"line":351,"column":25}},"156":{"start":{"line":355,"column":12},"end":{"line":390,"column":null}},"157":{"start":{"line":356,"column":56},"end":{"line":356,"column":75}},"158":{"start":{"line":398,"column":52},"end":{"line":398,"column":71}},"159":{"start":{"line":414,"column":0},"end":{"line":414,"column":29}}},"fnMap":{"0":{"name":"(anonymous_9)","decl":{"start":{"line":35,"column":32},"end":{"line":35,"column":35}},"loc":{"start":{"line":35,"column":37},"end":{"line":412,"column":1}}},"1":{"name":"(anonymous_10)","decl":{"start":{"line":50,"column":20},"end":{"line":50,"column":21}},"loc":{"start":{"line":50,"column":79},"end":{"line":53,"column":3}}},"2":{"name":"(anonymous_11)","decl":{"start":{"line":52,"column":15},"end":{"line":52,"column":18}},"loc":{"start":{"line":52,"column":21},"end":{"line":52,"column":65}}},"3":{"name":"(anonymous_12)","decl":{"start":{"line":52,"column":30},"end":{"line":52,"column":34}},"loc":{"start":{"line":52,"column":39},"end":{"line":52,"column":63}}},"4":{"name":"(anonymous_13)","decl":{"start":{"line":55,"column":22},"end":{"line":55,"column":27}},"loc":{"start":{"line":55,"column":33},"end":{"line":65,"column":3}}},"5":{"name":"(anonymous_14)","decl":{"start":{"line":60,"column":35},"end":{"line":60,"column":36}},"loc":{"start":{"line":60,"column":61},"end":{"line":60,"column":72}}},"6":{"name":"(anonymous_15)","decl":{"start":{"line":67,"column":12},"end":{"line":67,"column":15}},"loc":{"start":{"line":67,"column":17},"end":{"line":69,"column":3}}},"7":{"name":"(anonymous_16)","decl":{"start":{"line":71,"column":23},"end":{"line":71,"column":26}},"loc":{"start":{"line":71,"column":28},"end":{"line":76,"column":3}}},"8":{"name":"(anonymous_17)","decl":{"start":{"line":78,"column":24},"end":{"line":78,"column":25}},"loc":{"start":{"line":78,"column":43},"end":{"line":88,"column":3}}},"9":{"name":"(anonymous_18)","decl":{"start":{"line":91,"column":32},"end":{"line":91,"column":37}},"loc":{"start":{"line":91,"column":43},"end":{"line":97,"column":3}}},"10":{"name":"(anonymous_19)","decl":{"start":{"line":99,"column":21},"end":{"line":99,"column":24}},"loc":{"start":{"line":99,"column":26},"end":{"line":103,"column":3}}},"11":{"name":"(anonymous_20)","decl":{"start":{"line":105,"column":21},"end":{"line":105,"column":26}},"loc":{"start":{"line":110,"column":7},"end":{"line":156,"column":3}}},"12":{"name":"(anonymous_21)","decl":{"start":{"line":122,"column":54},"end":{"line":122,"column":57}},"loc":{"start":{"line":122,"column":60},"end":{"line":122,"column":64}}},"13":{"name":"(anonymous_22)","decl":{"start":{"line":128,"column":46},"end":{"line":128,"column":47}},"loc":{"start":{"line":128,"column":72},"end":{"line":128,"column":83}}},"14":{"name":"(anonymous_23)","decl":{"start":{"line":147,"column":19},"end":{"line":147,"column":22}},"loc":{"start":{"line":147,"column":25},"end":{"line":147,"column":45}}},"15":{"name":"(anonymous_24)","decl":{"start":{"line":158,"column":28},"end":{"line":158,"column":29}},"loc":{"start":{"line":158,"column":43},"end":{"line":161,"column":3}}},"16":{"name":"(anonymous_25)","decl":{"start":{"line":163,"column":23},"end":{"line":163,"column":26}},"loc":{"start":{"line":163,"column":28},"end":{"line":166,"column":3}}},"17":{"name":"(anonymous_26)","decl":{"start":{"line":168,"column":24},"end":{"line":168,"column":29}},"loc":{"start":{"line":168,"column":35},"end":{"line":185,"column":3}}},"18":{"name":"(anonymous_27)","decl":{"start":{"line":178,"column":46},"end":{"line":178,"column":47}},"loc":{"start":{"line":178,"column":72},"end":{"line":178,"column":83}}},"19":{"name":"(anonymous_28)","decl":{"start":{"line":187,"column":28},"end":{"line":187,"column":31}},"loc":{"start":{"line":187,"column":33},"end":{"line":191,"column":3}}},"20":{"name":"(anonymous_29)","decl":{"start":{"line":195,"column":28},"end":{"line":195,"column":33}},"loc":{"start":{"line":195,"column":77},"end":{"line":232,"column":3}}},"21":{"name":"(anonymous_30)","decl":{"start":{"line":199,"column":20},"end":{"line":199,"column":25}},"loc":{"start":{"line":199,"column":34},"end":{"line":230,"column":5}}},"22":{"name":"(anonymous_31)","decl":{"start":{"line":215,"column":26},"end":{"line":215,"column":27}},"loc":{"start":{"line":215,"column":38},"end":{"line":215,"column":198}}},"23":{"name":"(anonymous_32)","decl":{"start":{"line":217,"column":42},"end":{"line":217,"column":43}},"loc":{"start":{"line":217,"column":47},"end":{"line":217,"column":72}}},"24":{"name":"(anonymous_33)","decl":{"start":{"line":250,"column":38},"end":{"line":250,"column":39}},"loc":{"start":{"line":250,"column":48},"end":{"line":250,"column":57}}},"25":{"name":"(anonymous_34)","decl":{"start":{"line":281,"column":27},"end":{"line":281,"column":33}},"loc":{"start":{"line":282,"column":18},"end":{"line":282,"column":38}}},"26":{"name":"(anonymous_35)","decl":{"start":{"line":288,"column":75},"end":{"line":288,"column":78}},"loc":{"start":{"line":288,"column":81},"end":{"line":288,"column":102}}},"27":{"name":"(anonymous_36)","decl":{"start":{"line":289,"column":77},"end":{"line":289,"column":80}},"loc":{"start":{"line":289,"column":83},"end":{"line":289,"column":111}}},"28":{"name":"(anonymous_37)","decl":{"start":{"line":316,"column":35},"end":{"line":316,"column":36}},"loc":{"start":{"line":317,"column":18},"end":{"line":317,"column":45}}},"29":{"name":"(anonymous_38)","decl":{"start":{"line":323,"column":75},"end":{"line":323,"column":78}},"loc":{"start":{"line":323,"column":81},"end":{"line":323,"column":102}}},"30":{"name":"(anonymous_39)","decl":{"start":{"line":324,"column":77},"end":{"line":324,"column":80}},"loc":{"start":{"line":324,"column":83},"end":{"line":324,"column":111}}},"31":{"name":"(anonymous_40)","decl":{"start":{"line":349,"column":20},"end":{"line":349,"column":21}},"loc":{"start":{"line":349,"column":31},"end":{"line":352,"column":11}}},"32":{"name":"(anonymous_41)","decl":{"start":{"line":354,"column":11},"end":{"line":354,"column":14}},"loc":{"start":{"line":355,"column":12},"end":{"line":390,"column":null}}},"33":{"name":"(anonymous_42)","decl":{"start":{"line":356,"column":51},"end":{"line":356,"column":52}},"loc":{"start":{"line":356,"column":56},"end":{"line":356,"column":75}}},"34":{"name":"(anonymous_43)","decl":{"start":{"line":398,"column":47},"end":{"line":398,"column":48}},"loc":{"start":{"line":398,"column":52},"end":{"line":398,"column":71}}}},"branchMap":{"0":{"loc":{"start":{"line":50,"column":38},"end":{"line":50,"column":75}},"type":"default-arg","locations":[{"start":{"line":50,"column":66},"end":{"line":50,"column":75}}]},"1":{"loc":{"start":{"line":58,"column":6},"end":{"line":58,"column":65}},"type":"if","locations":[{"start":{"line":58,"column":6},"end":{"line":58,"column":65}},{"start":{},"end":{}}]},"2":{"loc":{"start":{"line":93,"column":4},"end":{"line":96,"column":5}},"type":"if","locations":[{"start":{"line":93,"column":4},"end":{"line":96,"column":5}},{"start":{},"end":{}}]},"3":{"loc":{"start":{"line":112,"column":21},"end":{"line":112,"column":57}},"type":"cond-expr","locations":[{"start":{"line":112,"column":43},"end":{"line":112,"column":49}},{"start":{"line":112,"column":52},"end":{"line":112,"column":57}}]},"4":{"loc":{"start":{"line":113,"column":18},"end":{"line":113,"column":73}},"type":"cond-expr","locations":[{"start":{"line":113,"column":40},"end":{"line":113,"column":46}},{"start":{"line":113,"column":49},"end":{"line":113,"column":73}}]},"5":{"loc":{"start":{"line":121,"column":6},"end":{"line":125,"column":7}},"type":"if","locations":[{"start":{"line":121,"column":6},"end":{"line":125,"column":7}},{"start":{},"end":{}}]},"6":{"loc":{"start":{"line":123,"column":24},"end":{"line":123,"column":67}},"type":"binary-expr","locations":[{"start":{"line":123,"column":24},"end":{"line":123,"column":40}},{"start":{"line":123,"column":44},"end":{"line":123,"column":67}}]},"7":{"loc":{"start":{"line":130,"column":6},"end":{"line":139,"column":7}},"type":"if","locations":[{"start":{"line":130,"column":6},"end":{"line":139,"column":7}},{"start":{},"end":{}}]},"8":{"loc":{"start":{"line":133,"column":27},"end":{"line":133,"column":69}},"type":"cond-expr","locations":[{"start":{"line":133,"column":42},"end":{"line":133,"column":64}},{"start":{"line":133,"column":67},"end":{"line":133,"column":69}}]},"9":{"loc":{"start":{"line":135,"column":8},"end":{"line":138,"column":9}},"type":"if","locations":[{"start":{"line":135,"column":8},"end":{"line":138,"column":9}},{"start":{},"end":{}}]},"10":{"loc":{"start":{"line":141,"column":6},"end":{"line":141,"column":51}},"type":"if","locations":[{"start":{"line":141,"column":6},"end":{"line":141,"column":51}},{"start":{},"end":{}}]},"11":{"loc":{"start":{"line":143,"column":6},"end":{"line":150,"column":7}},"type":"if","locations":[{"start":{"line":143,"column":6},"end":{"line":150,"column":7}},{"start":{"line":148,"column":13},"end":{"line":150,"column":7}}]},"12":{"loc":{"start":{"line":153,"column":23},"end":{"line":153,"column":79}},"type":"cond-expr","locations":[{"start":{"line":153,"column":48},"end":{"line":153,"column":61}},{"start":{"line":153,"column":64},"end":{"line":153,"column":79}}]},"13":{"loc":{"start":{"line":169,"column":4},"end":{"line":171,"column":5}},"type":"if","locations":[{"start":{"line":169,"column":4},"end":{"line":171,"column":5}},{"start":{},"end":{}}]},"14":{"loc":{"start":{"line":176,"column":6},"end":{"line":176,"column":67}},"type":"if","locations":[{"start":{"line":176,"column":6},"end":{"line":176,"column":67}},{"start":{},"end":{}}]},"15":{"loc":{"start":{"line":180,"column":6},"end":{"line":180,"column":51}},"type":"if","locations":[{"start":{"line":180,"column":6},"end":{"line":180,"column":51}},{"start":{},"end":{}}]},"16":{"loc":{"start":{"line":188,"column":4},"end":{"line":188,"column":36}},"type":"if","locations":[{"start":{"line":188,"column":4},"end":{"line":188,"column":36}},{"start":{},"end":{}}]},"17":{"loc":{"start":{"line":197,"column":4},"end":{"line":197,"column":22}},"type":"if","locations":[{"start":{"line":197,"column":4},"end":{"line":197,"column":22}},{"start":{},"end":{}}]},"18":{"loc":{"start":{"line":201,"column":6},"end":{"line":201,"column":24}},"type":"if","locations":[{"start":{"line":201,"column":6},"end":{"line":201,"column":24}},{"start":{},"end":{}}]},"19":{"loc":{"start":{"line":212,"column":6},"end":{"line":229,"column":7}},"type":"if","locations":[{"start":{"line":212,"column":6},"end":{"line":229,"column":7}},{"start":{"line":227,"column":13},"end":{"line":229,"column":7}}]},"20":{"loc":{"start":{"line":215,"column":42},"end":{"line":215,"column":52}},"type":"binary-expr","locations":[{"start":{"line":215,"column":42},"end":{"line":215,"column":48}},{"start":{"line":215,"column":50},"end":{"line":215,"column":52}}]},"21":{"loc":{"start":{"line":215,"column":79},"end":{"line":215,"column":92}},"type":"binary-expr","locations":[{"start":{"line":215,"column":79},"end":{"line":215,"column":88}},{"start":{"line":215,"column":90},"end":{"line":215,"column":92}}]},"22":{"loc":{"start":{"line":215,"column":119},"end":{"line":215,"column":131}},"type":"binary-expr","locations":[{"start":{"line":215,"column":119},"end":{"line":215,"column":127}},{"start":{"line":215,"column":129},"end":{"line":215,"column":131}}]},"23":{"loc":{"start":{"line":215,"column":158},"end":{"line":215,"column":174}},"type":"binary-expr","locations":[{"start":{"line":215,"column":158},"end":{"line":215,"column":170}},{"start":{"line":215,"column":172},"end":{"line":215,"column":174}}]},"24":{"loc":{"start":{"line":220,"column":8},"end":{"line":226,"column":9}},"type":"if","locations":[{"start":{"line":220,"column":8},"end":{"line":226,"column":9}},{"start":{"line":222,"column":15},"end":{"line":226,"column":9}}]},"25":{"loc":{"start":{"line":222,"column":15},"end":{"line":226,"column":9}},"type":"if","locations":[{"start":{"line":222,"column":15},"end":{"line":226,"column":9}},{"start":{"line":224,"column":15},"end":{"line":226,"column":9}}]},"26":{"loc":{"start":{"line":256,"column":9},"end":{"line":295,"column":null}},"type":"binary-expr","locations":[{"start":{"line":256,"column":9},"end":{"line":256,"column":18}},{"start":{"line":257,"column":10},"end":{"line":294,"column":null}}]},"27":{"loc":{"start":{"line":278,"column":15},"end":{"line":292,"column":null}},"type":"cond-expr","locations":[{"start":{"line":279,"column":16},"end":{"line":279,"column":100}},{"start":{"line":281,"column":16},"end":{"line":292,"column":18}}]},"28":{"loc":{"start":{"line":282,"column":62},"end":{"line":282,"column":110}},"type":"cond-expr","locations":[{"start":{"line":282,"column":90},"end":{"line":282,"column":105}},{"start":{"line":282,"column":108},"end":{"line":282,"column":110}}]},"29":{"loc":{"start":{"line":298,"column":9},"end":{"line":330,"column":null}},"type":"binary-expr","locations":[{"start":{"line":298,"column":9},"end":{"line":298,"column":18}},{"start":{"line":299,"column":10},"end":{"line":329,"column":null}}]},"30":{"loc":{"start":{"line":313,"column":15},"end":{"line":327,"column":null}},"type":"cond-expr","locations":[{"start":{"line":314,"column":16},"end":{"line":314,"column":70}},{"start":{"line":316,"column":16},"end":{"line":327,"column":18}}]},"31":{"loc":{"start":{"line":317,"column":27},"end":{"line":317,"column":43}},"type":"binary-expr","locations":[{"start":{"line":317,"column":27},"end":{"line":317,"column":36}},{"start":{"line":317,"column":40},"end":{"line":317,"column":43}}]},"32":{"loc":{"start":{"line":334,"column":7},"end":{"line":337,"column":null}},"type":"binary-expr","locations":[{"start":{"line":334,"column":7},"end":{"line":334,"column":17}},{"start":{"line":335,"column":8},"end":{"line":336,"column":null}}]},"33":{"loc":{"start":{"line":340,"column":7},"end":{"line":393,"column":null}},"type":"binary-expr","locations":[{"start":{"line":340,"column":7},"end":{"line":340,"column":16}},{"start":{"line":341,"column":8},"end":{"line":392,"column":null}}]},"34":{"loc":{"start":{"line":343,"column":18},"end":{"line":343,"column":40}},"type":"binary-expr","locations":[{"start":{"line":343,"column":18},"end":{"line":343,"column":34}},{"start":{"line":343,"column":38},"end":{"line":343,"column":40}}]},"35":{"loc":{"start":{"line":344,"column":21},"end":{"line":344,"column":46}},"type":"binary-expr","locations":[{"start":{"line":344,"column":21},"end":{"line":344,"column":40}},{"start":{"line":344,"column":44},"end":{"line":344,"column":46}}]},"36":{"loc":{"start":{"line":345,"column":20},"end":{"line":345,"column":44}},"type":"binary-expr","locations":[{"start":{"line":345,"column":20},"end":{"line":345,"column":38}},{"start":{"line":345,"column":42},"end":{"line":345,"column":44}}]},"37":{"loc":{"start":{"line":346,"column":24},"end":{"line":346,"column":52}},"type":"binary-expr","locations":[{"start":{"line":346,"column":24},"end":{"line":346,"column":46}},{"start":{"line":346,"column":50},"end":{"line":346,"column":52}}]},"38":{"loc":{"start":{"line":360,"column":23},"end":{"line":360,"column":77}},"type":"cond-expr","locations":[{"start":{"line":360,"column":45},"end":{"line":360,"column":61}},{"start":{"line":360,"column":64},"end":{"line":360,"column":77}}]},"39":{"loc":{"start":{"line":367,"column":25},"end":{"line":367,"column":64}},"type":"cond-expr","locations":[{"start":{"line":367,"column":47},"end":{"line":367,"column":55}},{"start":{"line":367,"column":58},"end":{"line":367,"column":64}}]},"40":{"loc":{"start":{"line":396,"column":7},"end":{"line":408,"column":null}},"type":"binary-expr","locations":[{"start":{"line":396,"column":7},"end":{"line":396,"column":18}},{"start":{"line":397,"column":8},"end":{"line":407,"column":null}}]}},"s":{"0":1,"1":1,"2":1,"3":1,"4":1,"5":1,"6":1,"7":1,"8":1,"9":1,"10":1,"11":10,"12":10,"13":10,"14":10,"15":10,"16":10,"17":10,"18":10,"19":10,"20":10,"21":10,"22":10,"23":10,"24":0,"25":0,"26":0,"27":0,"28":10,"29":6,"30":6,"31":6,"32":0,"33":6,"34":6,"35":9,"36":6,"37":0,"38":10,"39":6,"40":10,"41":2,"42":2,"43":2,"44":2,"45":10,"46":0,"47":0,"48":0,"49":0,"50":10,"51":0,"52":0,"53":0,"54":0,"55":10,"56":0,"57":0,"58":0,"59":10,"60":0,"61":0,"62":0,"63":0,"64":0,"65":0,"66":0,"67":0,"68":0,"69":0,"70":0,"71":0,"72":0,"73":0,"74":0,"75":0,"76":0,"77":0,"78":0,"79":0,"80":0,"81":0,"82":0,"83":0,"84":0,"85":0,"86":0,"87":0,"88":0,"89":0,"90":0,"91":10,"92":0,"93":0,"94":10,"95":0,"96":0,"97":10,"98":0,"99":0,"100":0,"101":0,"102":0,"103":0,"104":0,"105":0,"106":0,"107":0,"108":0,"109":0,"110":0,"111":0,"112":10,"113":0,"114":0,"115":0,"116":10,"117":0,"118":0,"119":0,"120":0,"121":0,"122":0,"123":0,"124":0,"125":0,"126":0,"127":0,"128":0,"129":0,"130":0,"131":0,"132":0,"133":0,"134":0,"135":0,"136":0,"137":0,"138":0,"139":0,"140":0,"141":0,"142":0,"143":0,"144":0,"145":0,"146":10,"147":1,"148":2,"149":0,"150":0,"151":0,"152":0,"153":0,"154":0,"155":0,"156":2,"157":0,"158":0,"159":1},"f":{"0":10,"1":0,"2":0,"3":0,"4":6,"5":9,"6":6,"7":2,"8":0,"9":0,"10":0,"11":0,"12":0,"13":0,"14":0,"15":0,"16":0,"17":0,"18":0,"19":0,"20":0,"21":0,"22":0,"23":0,"24":1,"25":2,"26":0,"27":0,"28":0,"29":0,"30":0,"31":0,"32":2,"33":0,"34":0},"b":{"0":[0],"1":[0,6],"2":[0,0],"3":[0,0],"4":[0,0],"5":[0,0],"6":[0,0],"7":[0,0],"8":[0,0],"9":[0,0],"10":[0,0],"11":[0,0],"12":[0,0],"13":[0,0],"14":[0,0],"15":[0,0],"16":[0,0],"17":[0,0],"18":[0,0],"19":[0,0],"20":[0,0],"21":[0,0],"22":[0,0],"23":[0,0],"24":[0,0],"25":[0,0],"26":[10,9],"27":[8,1],"28":[0,2],"29":[10,1],"30":[1,0],"31":[0,0],"32":[10,0],"33":[10,2],"34":[2,2],"35":[2,2],"36":[2,2],"37":[2,2],"38":[2,0],"39":[2,0],"40":[10,0]}}
}
